<?xml version="1.0" encoding="UTF-8"?>
<!-- Generated by org.testng.reporters.JUnitXMLReporter -->
<testsuite hostname="ShesiPC" ignored="0" name="Test3" tests="3" failures="0" timestamp="2020-04-19T01:13:05 BST" time="69.071" errors="0">
  <testcase name="loginQaclickAccess" time="25.634" classname="testWithTestngData.TestHomeWithParameterizing"/>
  <testcase name="loginQaclickAccess" time="19.938" classname="testWithTestngData.TestHomeWithParameterizing"/>
  <testcase name="loginQaclickAccess" time="23.474" classname="testWithTestngData.TestHomeWithParameterizing"/>
</testsuite> <!-- Test3 -->
