<?xml version="1.0" encoding="UTF-8"?>
<!-- Generated by org.testng.reporters.JUnitXMLReporter -->
<testsuite hostname="ShesiPC" ignored="0" name="Test1" tests="4" failures="1" timestamp="2020-04-19T01:11:24 BST" time="27.997" errors="0">
  <testcase name="homeQaclickAccess" time="7.868" classname="frameWork_8.EndToEndF_New.TestHomeWithLog4j">
    <failure type="java.lang.AssertionError" message="expected [FEATURED COURSE] but found [FEATURED COURSES]">
      <![CDATA[java.lang.AssertionError: expected [FEATURED COURSE] but found [FEATURED COURSES]
at frameWork_8.EndToEndF_New.TestHomeWithLog4j.homeQaclickAccess(TestHomeWithLog4j.java:98)
at java.util.ArrayList.forEach(ArrayList.java:1257)
... Removed 32 stack frames]]>
    </failure>
  </testcase> <!-- homeQaclickAccess -->
  <testcase name="homeQaclickAccess2" time="3.729" classname="frameWork_8.EndToEndF_New.TestHomeWithLog4j"/>
  <testcase name="loginQaclickAccess" time="6.788" classname="frameWork_8.EndToEndF_New.TestHomeWithLog4j"/>
  <testcase name="validateSearchBox" time="0.095" classname="frameWork_8.EndToEndF_New.TestHomeWithLog4j"/>
</testsuite> <!-- Test1 -->
